03/08 22:18:25 PM INFO: Argument embedder: VideoBERT_randmask_text
03/08 22:18:25 PM INFO: Argument num_rows: -1
03/08 22:18:25 PM INFO: Argument seed: 1123
03/08 22:18:25 PM INFO: Argument data_dir_path: ./data/piqa
03/08 22:18:25 PM INFO: Argument batch_size: 1
03/08 22:18:25 PM INFO: Argument verbose: True
03/08 22:18:25 PM INFO: Argument report_step: 1000
03/08 22:18:25 PM INFO: Argument dir_path: ./models/bert_ckpts_20210121
03/08 22:18:25 PM INFO: Argument config_path: ./models/bert_ckpts_20210121/bert_config.json
03/08 22:18:25 PM INFO: Argument model_path: ./models/bert_ckpts_20210121/randmask_text/pytorch_model.bin
03/08 22:18:25 PM INFO: Argument vocab_path: ./models/bert_ckpts_20210121/vocab.txt
03/08 22:18:25 PM INFO: Argument output_name: VideoBERT_randmask_text_precompute
03/08 22:18:25 PM INFO: Load pretrained embedder and tokenizer
03/08 22:18:39 PM INFO: ======================================================================
03/08 22:18:39 PM INFO: Start computing for split: train
03/08 22:18:52 PM INFO: | iter_id        0 |
03/08 22:19:27 PM INFO: | iter_id     1000 |
03/08 22:20:03 PM INFO: | iter_id     2000 |
03/08 22:20:39 PM INFO: | iter_id     3000 |
03/08 22:21:15 PM INFO: | iter_id     4000 |
03/08 22:21:52 PM INFO: | iter_id     5000 |
03/08 22:22:28 PM INFO: | iter_id     6000 |
03/08 22:23:04 PM INFO: | iter_id     7000 |
03/08 22:23:41 PM INFO: | iter_id     8000 |
03/08 22:23:43 PM INFO: **********************************************************************
03/08 22:23:43 PM INFO: Save train embeddings from VideoBERT_randmask_text to ./data/piqa/precompute_embs/VideoBERT_randmask_text_train.npy
03/08 22:23:43 PM INFO: **********************************************************************
03/08 22:23:43 PM INFO: ======================================================================
03/08 22:23:43 PM INFO: Start computing for split: valid
03/08 22:23:46 PM INFO: | iter_id        0 |
03/08 22:24:22 PM INFO: | iter_id     1000 |
03/08 22:24:53 PM INFO: **********************************************************************
03/08 22:24:53 PM INFO: Save valid embeddings from VideoBERT_randmask_text to ./data/piqa/precompute_embs/VideoBERT_randmask_text_valid.npy
03/08 22:24:53 PM INFO: **********************************************************************
