02/21 10:56:55 AM INFO: Argument embedder: VisualBERT_vt
02/21 10:56:55 AM INFO: Argument num_rows: -1
02/21 10:56:55 AM INFO: Argument seed: 1123
02/21 10:56:55 AM INFO: Argument data_dir_path: ./data/piqa
02/21 10:56:55 AM INFO: Argument batch_size: 1
02/21 10:56:55 AM INFO: Argument verbose: True
02/21 10:56:55 AM INFO: Argument report_step: 1000
02/21 10:56:55 AM INFO: Argument dir_path: ./models/visualbert
02/21 10:56:55 AM INFO: Argument config_path: ./models/visualbert/bert_config.json
02/21 10:56:55 AM INFO: Argument model_path: ./models/visualbert/visualbert_vt/pytorch_model.bin
02/21 10:56:55 AM INFO: Argument vocab_path: ./models/visualbert/vocab.txt
02/21 10:56:55 AM INFO: Argument output_name: VisualBERT_vt_precompute
02/21 10:56:55 AM INFO: Load pretrained embedder and tokenizer
02/21 10:57:04 AM INFO: ======================================================================
02/21 10:57:04 AM INFO: Start computing for split: train
02/21 10:57:31 AM INFO: | iter_id        0 |
02/21 10:58:07 AM INFO: | iter_id     1000 |
02/21 10:58:43 AM INFO: | iter_id     2000 |
02/21 10:59:19 AM INFO: | iter_id     3000 |
02/21 10:59:55 AM INFO: | iter_id     4000 |
02/21 11:00:31 AM INFO: | iter_id     5000 |
02/21 11:01:07 AM INFO: | iter_id     6000 |
02/21 11:01:44 AM INFO: | iter_id     7000 |
02/21 11:02:20 AM INFO: | iter_id     8000 |
02/21 11:02:57 AM INFO: | iter_id     9000 |
02/21 11:03:34 AM INFO: | iter_id    10000 |
02/21 11:04:10 AM INFO: | iter_id    11000 |
02/21 11:04:47 AM INFO: | iter_id    12000 |
02/21 11:05:24 AM INFO: | iter_id    13000 |
02/21 11:06:01 AM INFO: | iter_id    14000 |
02/21 11:06:38 AM INFO: | iter_id    15000 |
02/21 11:07:14 AM INFO: | iter_id    16000 |
02/21 11:07:20 AM INFO: **********************************************************************
02/21 11:07:20 AM INFO: Save train embeddings from VisualBERT_vt to ./data/piqa/precompute_embs/VisualBERT_vt_train.npy
02/21 11:07:20 AM INFO: **********************************************************************
02/21 11:07:20 AM INFO: ======================================================================
02/21 11:07:20 AM INFO: Start computing for split: valid
02/21 11:07:23 AM INFO: | iter_id        0 |
02/21 11:07:59 AM INFO: | iter_id     1000 |
02/21 11:08:30 AM INFO: **********************************************************************
02/21 11:08:30 AM INFO: Save valid embeddings from VisualBERT_vt to ./data/piqa/precompute_embs/VisualBERT_vt_valid.npy
02/21 11:08:30 AM INFO: **********************************************************************
