03/08 22:31:26 PM INFO: Argument embedder: VideoBERT_topmask_text
03/08 22:31:26 PM INFO: Argument num_rows: -1
03/08 22:31:26 PM INFO: Argument seed: 1123
03/08 22:31:26 PM INFO: Argument data_dir_path: ./data/piqa
03/08 22:31:26 PM INFO: Argument batch_size: 1
03/08 22:31:26 PM INFO: Argument verbose: True
03/08 22:31:26 PM INFO: Argument report_step: 1000
03/08 22:31:26 PM INFO: Argument dir_path: ./models/bert_ckpts_20210121
03/08 22:31:26 PM INFO: Argument config_path: ./models/bert_ckpts_20210121/bert_config.json
03/08 22:31:26 PM INFO: Argument model_path: ./models/bert_ckpts_20210121/topmask_text/pytorch_model.bin
03/08 22:31:26 PM INFO: Argument vocab_path: ./models/bert_ckpts_20210121/vocab.txt
03/08 22:31:26 PM INFO: Argument output_name: VideoBERT_topmask_text_precompute
03/08 22:31:26 PM INFO: Load pretrained embedder and tokenizer
03/08 22:31:38 PM INFO: ======================================================================
03/08 22:31:38 PM INFO: Start computing for split: train
03/08 22:31:51 PM INFO: | iter_id        0 |
03/08 22:32:26 PM INFO: | iter_id     1000 |
03/08 22:33:02 PM INFO: | iter_id     2000 |
03/08 22:33:38 PM INFO: | iter_id     3000 |
03/08 22:34:14 PM INFO: | iter_id     4000 |
03/08 22:34:50 PM INFO: | iter_id     5000 |
03/08 22:35:26 PM INFO: | iter_id     6000 |
03/08 22:36:03 PM INFO: | iter_id     7000 |
03/08 22:36:39 PM INFO: | iter_id     8000 |
03/08 22:36:41 PM INFO: **********************************************************************
03/08 22:36:41 PM INFO: Save train embeddings from VideoBERT_topmask_text to ./data/piqa/precompute_embs/VideoBERT_topmask_text_train.npy
03/08 22:36:41 PM INFO: **********************************************************************
03/08 22:36:41 PM INFO: ======================================================================
03/08 22:36:41 PM INFO: Start computing for split: valid
03/08 22:36:44 PM INFO: | iter_id        0 |
03/08 22:37:20 PM INFO: | iter_id     1000 |
03/08 22:37:50 PM INFO: **********************************************************************
03/08 22:37:50 PM INFO: Save valid embeddings from VideoBERT_topmask_text to ./data/piqa/precompute_embs/VideoBERT_topmask_text_valid.npy
03/08 22:37:50 PM INFO: **********************************************************************
