02/21 10:27:55 AM INFO: Argument embedder: VisualBERT_text
02/21 10:27:55 AM INFO: Argument num_rows: -1
02/21 10:27:55 AM INFO: Argument seed: 1123
02/21 10:27:55 AM INFO: Argument data_dir_path: ./data/piqa
02/21 10:27:55 AM INFO: Argument batch_size: 1
02/21 10:27:55 AM INFO: Argument verbose: True
02/21 10:27:55 AM INFO: Argument report_step: 1000
02/21 10:27:55 AM INFO: Argument dir_path: ./models/visualbert
02/21 10:27:55 AM INFO: Argument config_path: ./models/visualbert/bert_config.json
02/21 10:27:55 AM INFO: Argument model_path: ./models/visualbert/visualbert_text/pytorch_model.bin
02/21 10:27:55 AM INFO: Argument vocab_path: ./models/visualbert/vocab.txt
02/21 10:27:55 AM INFO: Argument output_name: VisualBERT_text_precompute
02/21 10:27:55 AM INFO: Load pretrained embedder and tokenizer
02/21 10:28:07 AM INFO: ======================================================================
02/21 10:28:07 AM INFO: Start computing for split: train
02/21 10:28:33 AM INFO: | iter_id        0 |
02/21 10:29:09 AM INFO: | iter_id     1000 |
02/21 10:29:45 AM INFO: | iter_id     2000 |
02/21 10:30:21 AM INFO: | iter_id     3000 |
02/21 10:30:57 AM INFO: | iter_id     4000 |
02/21 10:31:34 AM INFO: | iter_id     5000 |
02/21 10:32:10 AM INFO: | iter_id     6000 |
02/21 10:32:47 AM INFO: | iter_id     7000 |
02/21 10:33:23 AM INFO: | iter_id     8000 |
02/21 10:34:00 AM INFO: | iter_id     9000 |
02/21 10:34:37 AM INFO: | iter_id    10000 |
02/21 10:35:14 AM INFO: | iter_id    11000 |
02/21 10:35:51 AM INFO: | iter_id    12000 |
02/21 10:36:28 AM INFO: | iter_id    13000 |
02/21 10:37:04 AM INFO: | iter_id    14000 |
02/21 10:37:41 AM INFO: | iter_id    15000 |
02/21 10:38:18 AM INFO: | iter_id    16000 |
02/21 10:38:23 AM INFO: **********************************************************************
02/21 10:38:23 AM INFO: Save train embeddings from VisualBERT_text to ./data/piqa/precompute_embs/VisualBERT_text_train.npy
02/21 10:38:23 AM INFO: **********************************************************************
02/21 10:38:23 AM INFO: ======================================================================
02/21 10:38:23 AM INFO: Start computing for split: valid
02/21 10:38:26 AM INFO: | iter_id        0 |
02/21 10:39:03 AM INFO: | iter_id     1000 |
02/21 10:39:34 AM INFO: **********************************************************************
02/21 10:39:34 AM INFO: Save valid embeddings from VisualBERT_text to ./data/piqa/precompute_embs/VisualBERT_text_valid.npy
02/21 10:39:34 AM INFO: **********************************************************************
