03/08 22:37:54 PM INFO: Argument embedder: VideoBERT_topmask_vt
03/08 22:37:54 PM INFO: Argument num_rows: -1
03/08 22:37:54 PM INFO: Argument seed: 1123
03/08 22:37:54 PM INFO: Argument data_dir_path: ./data/piqa
03/08 22:37:54 PM INFO: Argument batch_size: 1
03/08 22:37:54 PM INFO: Argument verbose: True
03/08 22:37:54 PM INFO: Argument report_step: 1000
03/08 22:37:54 PM INFO: Argument dir_path: ./models/bert_ckpts_20210121
03/08 22:37:54 PM INFO: Argument config_path: ./models/bert_ckpts_20210121/bert_config.json
03/08 22:37:54 PM INFO: Argument model_path: ./models/bert_ckpts_20210121/topmask_vt/pytorch_model.bin
03/08 22:37:54 PM INFO: Argument vocab_path: ./models/bert_ckpts_20210121/vocab.txt
03/08 22:37:54 PM INFO: Argument output_name: VideoBERT_topmask_vt_precompute
03/08 22:37:54 PM INFO: Load pretrained embedder and tokenizer
03/08 22:38:06 PM INFO: ======================================================================
03/08 22:38:06 PM INFO: Start computing for split: train
03/08 22:38:19 PM INFO: | iter_id        0 |
03/08 22:38:54 PM INFO: | iter_id     1000 |
03/08 22:39:30 PM INFO: | iter_id     2000 |
03/08 22:40:06 PM INFO: | iter_id     3000 |
03/08 22:40:42 PM INFO: | iter_id     4000 |
03/08 22:41:18 PM INFO: | iter_id     5000 |
03/08 22:41:55 PM INFO: | iter_id     6000 |
03/08 22:42:31 PM INFO: | iter_id     7000 |
03/08 22:43:07 PM INFO: | iter_id     8000 |
03/08 22:43:10 PM INFO: **********************************************************************
03/08 22:43:10 PM INFO: Save train embeddings from VideoBERT_topmask_vt to ./data/piqa/precompute_embs/VideoBERT_topmask_vt_train.npy
03/08 22:43:10 PM INFO: **********************************************************************
03/08 22:43:10 PM INFO: ======================================================================
03/08 22:43:10 PM INFO: Start computing for split: valid
03/08 22:43:12 PM INFO: | iter_id        0 |
03/08 22:43:48 PM INFO: | iter_id     1000 |
03/08 22:44:19 PM INFO: **********************************************************************
03/08 22:44:19 PM INFO: Save valid embeddings from VideoBERT_topmask_vt to ./data/piqa/precompute_embs/VideoBERT_topmask_vt_valid.npy
03/08 22:44:19 PM INFO: **********************************************************************
