02/21 09:58:35 AM INFO: Argument embedder: VideoBERT_topmask_vt
02/21 09:58:35 AM INFO: Argument num_rows: -1
02/21 09:58:35 AM INFO: Argument seed: 1123
02/21 09:58:35 AM INFO: Argument data_dir_path: ./data/piqa
02/21 09:58:35 AM INFO: Argument batch_size: 1
02/21 09:58:35 AM INFO: Argument verbose: True
02/21 09:58:35 AM INFO: Argument report_step: 1000
02/21 09:58:35 AM INFO: Argument dir_path: ./models/bert_ckpts_20210121
02/21 09:58:35 AM INFO: Argument config_path: ./models/bert_ckpts_20210121/bert_config.json
02/21 09:58:35 AM INFO: Argument model_path: ./models/bert_ckpts_20210121/topmask_vt/pytorch_model.bin
02/21 09:58:35 AM INFO: Argument vocab_path: ./models/bert_ckpts_20210121/vocab.txt
02/21 09:58:35 AM INFO: Argument output_name: VideoBERT_topmask_vt_precompute
02/21 09:58:35 AM INFO: Load pretrained embedder and tokenizer
02/21 09:58:46 AM INFO: ======================================================================
02/21 09:58:46 AM INFO: Start computing for split: train
02/21 09:59:13 AM INFO: | iter_id        0 |
02/21 09:59:49 AM INFO: | iter_id     1000 |
02/21 10:00:25 AM INFO: | iter_id     2000 |
02/21 10:01:01 AM INFO: | iter_id     3000 |
02/21 10:01:37 AM INFO: | iter_id     4000 |
02/21 10:02:13 AM INFO: | iter_id     5000 |
02/21 10:02:50 AM INFO: | iter_id     6000 |
02/21 10:03:26 AM INFO: | iter_id     7000 |
02/21 10:04:03 AM INFO: | iter_id     8000 |
02/21 10:04:40 AM INFO: | iter_id     9000 |
02/21 10:05:16 AM INFO: | iter_id    10000 |
02/21 10:05:53 AM INFO: | iter_id    11000 |
02/21 10:06:30 AM INFO: | iter_id    12000 |
02/21 10:07:07 AM INFO: | iter_id    13000 |
02/21 10:07:43 AM INFO: | iter_id    14000 |
02/21 10:08:20 AM INFO: | iter_id    15000 |
02/21 10:08:57 AM INFO: | iter_id    16000 |
02/21 10:09:02 AM INFO: **********************************************************************
02/21 10:09:02 AM INFO: Save train embeddings from VideoBERT_topmask_vt to ./data/piqa/precompute_embs/VideoBERT_topmask_vt_train.npy
02/21 10:09:02 AM INFO: **********************************************************************
02/21 10:09:02 AM INFO: ======================================================================
02/21 10:09:02 AM INFO: Start computing for split: valid
02/21 10:09:05 AM INFO: | iter_id        0 |
02/21 10:09:42 AM INFO: | iter_id     1000 |
02/21 10:10:12 AM INFO: **********************************************************************
02/21 10:10:12 AM INFO: Save valid embeddings from VideoBERT_topmask_vt to ./data/piqa/precompute_embs/VideoBERT_topmask_vt_valid.npy
02/21 10:10:12 AM INFO: **********************************************************************
