02/21 08:37:21 AM INFO: Argument embedder: BERT
02/21 08:37:21 AM INFO: Argument num_rows: -1
02/21 08:37:21 AM INFO: Argument seed: 1123
02/21 08:37:21 AM INFO: Argument data_dir_path: ./data/piqa
02/21 08:37:21 AM INFO: Argument batch_size: 1
02/21 08:37:21 AM INFO: Argument verbose: True
02/21 08:37:21 AM INFO: Argument report_step: 1000
02/21 08:37:21 AM INFO: Argument dir_path: ./models/uncased_L-12_H-768_A-12
02/21 08:37:21 AM INFO: Argument config_path: ./models/uncased_L-12_H-768_A-12/bert_config.json
02/21 08:37:21 AM INFO: Argument model_path: ./models/uncased_L-12_H-768_A-12/pytorch_model.bin
02/21 08:37:21 AM INFO: Argument vocab_path: ./models/uncased_L-12_H-768_A-12/vocab.txt
02/21 08:37:21 AM INFO: Argument output_name: BERT_precompute
02/21 08:37:21 AM INFO: Load pretrained embedder and tokenizer
02/21 08:37:26 AM INFO: ======================================================================
02/21 08:37:26 AM INFO: Start computing for split: train
02/21 08:37:53 AM INFO: | iter_id        0 |
02/21 08:38:29 AM INFO: | iter_id     1000 |
02/21 08:39:05 AM INFO: | iter_id     2000 |
02/21 08:39:41 AM INFO: | iter_id     3000 |
02/21 08:40:17 AM INFO: | iter_id     4000 |
02/21 08:40:53 AM INFO: | iter_id     5000 |
02/21 08:41:30 AM INFO: | iter_id     6000 |
02/21 08:42:06 AM INFO: | iter_id     7000 |
02/21 08:42:43 AM INFO: | iter_id     8000 |
02/21 08:43:19 AM INFO: | iter_id     9000 |
02/21 08:43:56 AM INFO: | iter_id    10000 |
02/21 08:44:33 AM INFO: | iter_id    11000 |
02/21 08:45:10 AM INFO: | iter_id    12000 |
02/21 08:45:46 AM INFO: | iter_id    13000 |
02/21 08:46:23 AM INFO: | iter_id    14000 |
02/21 08:47:00 AM INFO: | iter_id    15000 |
02/21 08:47:37 AM INFO: | iter_id    16000 |
02/21 08:47:44 AM INFO: **********************************************************************
02/21 08:47:44 AM INFO: Save train embeddings from BERT to ./data/piqa/precompute_embs/BERT_train.npy
02/21 08:47:44 AM INFO: **********************************************************************
02/21 08:47:44 AM INFO: ======================================================================
02/21 08:47:44 AM INFO: Start computing for split: valid
02/21 08:47:47 AM INFO: | iter_id        0 |
02/21 08:48:23 AM INFO: | iter_id     1000 |
02/21 08:48:54 AM INFO: **********************************************************************
02/21 08:48:54 AM INFO: Save valid embeddings from BERT to ./data/piqa/precompute_embs/BERT_valid.npy
02/21 08:48:54 AM INFO: **********************************************************************
