03/08 22:12:01 PM INFO: Argument embedder: BERT
03/08 22:12:01 PM INFO: Argument num_rows: -1
03/08 22:12:01 PM INFO: Argument seed: 1123
03/08 22:12:01 PM INFO: Argument data_dir_path: ./data/piqa
03/08 22:12:01 PM INFO: Argument batch_size: 1
03/08 22:12:01 PM INFO: Argument verbose: True
03/08 22:12:01 PM INFO: Argument report_step: 1000
03/08 22:12:01 PM INFO: Argument dir_path: ./models/uncased_L-12_H-768_A-12
03/08 22:12:01 PM INFO: Argument config_path: ./models/uncased_L-12_H-768_A-12/bert_config.json
03/08 22:12:01 PM INFO: Argument model_path: ./models/uncased_L-12_H-768_A-12/pytorch_model.bin
03/08 22:12:01 PM INFO: Argument vocab_path: ./models/uncased_L-12_H-768_A-12/vocab.txt
03/08 22:12:01 PM INFO: Argument output_name: BERT_precompute
03/08 22:12:01 PM INFO: Load pretrained embedder and tokenizer
03/08 22:12:13 PM INFO: ======================================================================
03/08 22:12:13 PM INFO: Start computing for split: train
03/08 22:12:26 PM INFO: | iter_id        0 |
03/08 22:13:01 PM INFO: | iter_id     1000 |
03/08 22:13:36 PM INFO: | iter_id     2000 |
03/08 22:14:12 PM INFO: | iter_id     3000 |
03/08 22:14:47 PM INFO: | iter_id     4000 |
03/08 22:15:23 PM INFO: | iter_id     5000 |
03/08 22:15:58 PM INFO: | iter_id     6000 |
03/08 22:16:34 PM INFO: | iter_id     7000 |
03/08 22:17:10 PM INFO: | iter_id     8000 |
03/08 22:17:13 PM INFO: **********************************************************************
03/08 22:17:13 PM INFO: Save train embeddings from BERT to ./data/piqa/precompute_embs/BERT_train.npy
03/08 22:17:13 PM INFO: **********************************************************************
03/08 22:17:13 PM INFO: ======================================================================
03/08 22:17:13 PM INFO: Start computing for split: valid
03/08 22:17:16 PM INFO: | iter_id        0 |
03/08 22:17:51 PM INFO: | iter_id     1000 |
03/08 22:18:22 PM INFO: **********************************************************************
03/08 22:18:22 PM INFO: Save valid embeddings from BERT to ./data/piqa/precompute_embs/BERT_valid.npy
03/08 22:18:22 PM INFO: **********************************************************************
