02/21 09:16:21 AM INFO: Argument embedder: VideoBERT_randmask_vt
02/21 09:16:21 AM INFO: Argument num_rows: -1
02/21 09:16:21 AM INFO: Argument seed: 1123
02/21 09:16:21 AM INFO: Argument data_dir_path: ./data/piqa
02/21 09:16:21 AM INFO: Argument batch_size: 1
02/21 09:16:21 AM INFO: Argument verbose: True
02/21 09:16:21 AM INFO: Argument report_step: 1000
02/21 09:16:21 AM INFO: Argument dir_path: ./models/bert_ckpts_20210121
02/21 09:16:21 AM INFO: Argument config_path: ./models/bert_ckpts_20210121/bert_config.json
02/21 09:16:21 AM INFO: Argument model_path: ./models/bert_ckpts_20210121/randmask_vt/pytorch_model.bin
02/21 09:16:21 AM INFO: Argument vocab_path: ./models/bert_ckpts_20210121/vocab.txt
02/21 09:16:21 AM INFO: Argument output_name: VideoBERT_randmask_vt_precompute
02/21 09:16:21 AM INFO: Load pretrained embedder and tokenizer
02/21 09:16:33 AM INFO: ======================================================================
02/21 09:16:33 AM INFO: Start computing for split: train
02/21 09:16:59 AM INFO: | iter_id        0 |
02/21 09:17:35 AM INFO: | iter_id     1000 |
02/21 09:18:11 AM INFO: | iter_id     2000 |
02/21 09:18:47 AM INFO: | iter_id     3000 |
02/21 09:19:23 AM INFO: | iter_id     4000 |
02/21 09:20:00 AM INFO: | iter_id     5000 |
02/21 09:20:36 AM INFO: | iter_id     6000 |
02/21 09:21:13 AM INFO: | iter_id     7000 |
02/21 09:21:50 AM INFO: | iter_id     8000 |
02/21 09:22:27 AM INFO: | iter_id     9000 |
02/21 09:23:04 AM INFO: | iter_id    10000 |
02/21 09:23:41 AM INFO: | iter_id    11000 |
02/21 09:24:17 AM INFO: | iter_id    12000 |
02/21 09:24:54 AM INFO: | iter_id    13000 |
02/21 09:25:31 AM INFO: | iter_id    14000 |
02/21 09:26:08 AM INFO: | iter_id    15000 |
02/21 09:26:45 AM INFO: | iter_id    16000 |
02/21 09:26:50 AM INFO: **********************************************************************
02/21 09:26:50 AM INFO: Save train embeddings from VideoBERT_randmask_vt to ./data/piqa/precompute_embs/VideoBERT_randmask_vt_train.npy
02/21 09:26:50 AM INFO: **********************************************************************
02/21 09:26:50 AM INFO: ======================================================================
02/21 09:26:50 AM INFO: Start computing for split: valid
02/21 09:26:53 AM INFO: | iter_id        0 |
02/21 09:27:30 AM INFO: | iter_id     1000 |
02/21 09:28:01 AM INFO: **********************************************************************
02/21 09:28:01 AM INFO: Save valid embeddings from VideoBERT_randmask_vt to ./data/piqa/precompute_embs/VideoBERT_randmask_vt_valid.npy
02/21 09:28:01 AM INFO: **********************************************************************
